{"uuid": "6d418f1e-c4c6-4f3c-b45e-620e9acb5408", "children": ["5fbf2e5f-c0e1-47e5-a234-49354fecd7e2"], "befores": [{"name": "login", "status": "broken", "statusDetails": {"message": "selenium.common.exceptions.TimeoutException: Message: \nStacktrace:\nRemoteError@chrome://remote/content/shared/RemoteError.sys.mjs:8:8\nWebDriverError@chrome://remote/content/shared/webdriver/Errors.sys.mjs:192:5\nNoSuchElementError@chrome://remote/content/shared/webdriver/Errors.sys.mjs:510:5\ndom.find/</<@chrome://remote/content/shared/DOM.sys.mjs:136:16\n\n", "trace": "  File \"C:\\Users\\Mi Notebook\\PycharmProjects\\Diplom_3-main\\.venv\\Lib\\site-packages\\pluggy\\_callers.py\", line 166, in _multicall\n    teardown.throw(outcome._exception)\n  File \"C:\\Users\\Mi Notebook\\PycharmProjects\\Diplom_3-main\\.venv\\Lib\\site-packages\\_pytest\\setuponly.py\", line 36, in pytest_fixture_setup\n    return (yield)\n            ^^^^^\n  File \"C:\\Users\\Mi Notebook\\PycharmProjects\\Diplom_3-main\\.venv\\Lib\\site-packages\\pluggy\\_callers.py\", line 102, in _multicall\n    res = hook_impl.function(*args)\n          ^^^^^^^^^^^^^^^^^^^^^^^^^\n  File \"C:\\Users\\Mi Notebook\\PycharmProjects\\Diplom_3-main\\.venv\\Lib\\site-packages\\_pytest\\fixtures.py\", line 1132, in pytest_fixture_setup\n    result = call_fixture_func(fixturefunc, request, kwargs)\n             ^^^^^^^^^^^^^^^^^^^^^^^^^^^^^^^^^^^^^^^^^^^^^^^\n  File \"C:\\Users\\Mi Notebook\\PycharmProjects\\Diplom_3-main\\.venv\\Lib\\site-packages\\_pytest\\fixtures.py\", line 913, in call_fixture_func\n    fixture_result = fixturefunc(**kwargs)\n                     ^^^^^^^^^^^^^^^^^^^^^\n  File \"C:\\Users\\Mi Notebook\\PycharmProjects\\Diplom_3-main\\conftest.py\", line 41, in login\n    pages.login()\n  File \"C:\\Users\\Mi Notebook\\PycharmProjects\\Diplom_3-main\\.venv\\Lib\\site-packages\\allure_commons\\_allure.py\", line 192, in impl\n    return func(*a, **kw)\n           ^^^^^^^^^^^^^^\n  File \"C:\\Users\\Mi Notebook\\PycharmProjects\\Diplom_3-main\\web_pages\\auth_user_page.py\", line 33, in login\n    self.set_email_field(PersonData.user_login)\n  File \"C:\\Users\\Mi Notebook\\PycharmProjects\\Diplom_3-main\\.venv\\Lib\\site-packages\\allure_commons\\_allure.py\", line 192, in impl\n    return func(*a, **kw)\n           ^^^^^^^^^^^^^^\n  File \"C:\\Users\\Mi Notebook\\PycharmProjects\\Diplom_3-main\\web_pages\\auth_user_page.py\", line 16, in set_email_field\n    self.wait_for_element_to_be_clickable(AuthLoginLocators.EMAIL_FIELD)\n  File \"C:\\Users\\Mi Notebook\\PycharmProjects\\Diplom_3-main\\.venv\\Lib\\site-packages\\allure_commons\\_allure.py\", line 192, in impl\n    return func(*a, **kw)\n           ^^^^^^^^^^^^^^\n  File \"C:\\Users\\Mi Notebook\\PycharmProjects\\Diplom_3-main\\web_pages\\base_page.py\", line 64, in wait_for_element_to_be_clickable\n    WebDriverWait(self.driver, 3).until(EC.element_to_be_clickable(locator))\n  File \"C:\\Users\\Mi Notebook\\PycharmProjects\\Diplom_3-main\\.venv\\Lib\\site-packages\\selenium\\webdriver\\support\\wait.py\", line 105, in until\n    raise TimeoutException(message, screen, stacktrace)\n"}, "steps": [{"name": "Авторизация", "status": "broken", "statusDetails": {"message": "selenium.common.exceptions.TimeoutException: Message: \nStacktrace:\nRemoteError@chrome://remote/content/shared/RemoteError.sys.mjs:8:8\nWebDriverError@chrome://remote/content/shared/webdriver/Errors.sys.mjs:192:5\nNoSuchElementError@chrome://remote/content/shared/webdriver/Errors.sys.mjs:510:5\ndom.find/</<@chrome://remote/content/shared/DOM.sys.mjs:136:16\n\n", "trace": "  File \"C:\\Users\\Mi Notebook\\PycharmProjects\\Diplom_3-main\\.venv\\Lib\\site-packages\\allure_commons\\_allure.py\", line 192, in impl\n    return func(*a, **kw)\n           ^^^^^^^^^^^^^^\n  File \"C:\\Users\\Mi Notebook\\PycharmProjects\\Diplom_3-main\\web_pages\\auth_user_page.py\", line 33, in login\n    self.set_email_field(PersonData.user_login)\n  File \"C:\\Users\\Mi Notebook\\PycharmProjects\\Diplom_3-main\\.venv\\Lib\\site-packages\\allure_commons\\_allure.py\", line 192, in impl\n    return func(*a, **kw)\n           ^^^^^^^^^^^^^^\n  File \"C:\\Users\\Mi Notebook\\PycharmProjects\\Diplom_3-main\\web_pages\\auth_user_page.py\", line 16, in set_email_field\n    self.wait_for_element_to_be_clickable(AuthLoginLocators.EMAIL_FIELD)\n  File \"C:\\Users\\Mi Notebook\\PycharmProjects\\Diplom_3-main\\.venv\\Lib\\site-packages\\allure_commons\\_allure.py\", line 192, in impl\n    return func(*a, **kw)\n           ^^^^^^^^^^^^^^\n  File \"C:\\Users\\Mi Notebook\\PycharmProjects\\Diplom_3-main\\web_pages\\base_page.py\", line 64, in wait_for_element_to_be_clickable\n    WebDriverWait(self.driver, 3).until(EC.element_to_be_clickable(locator))\n  File \"C:\\Users\\Mi Notebook\\PycharmProjects\\Diplom_3-main\\.venv\\Lib\\site-packages\\selenium\\webdriver\\support\\wait.py\", line 105, in until\n    raise TimeoutException(message, screen, stacktrace)\n"}, "steps": [{"name": "Перейти на страницу авторизации по кнопке \"Войти в аккаунт\"", "status": "passed", "steps": [{"name": "Переместиться до элемента и кликнуть", "status": "passed", "parameters": [{"name": "locator", "value": "('xpath', \".//button[text()='Войти в аккаунт']\")"}], "start": 1712593766506, "stop": 1712593766879}], "start": 1712593766506, "stop": 1712593766879}, {"name": "Заполняем поле \"email\"", "status": "broken", "statusDetails": {"message": "selenium.common.exceptions.TimeoutException: Message: \nStacktrace:\nRemoteError@chrome://remote/content/shared/RemoteError.sys.mjs:8:8\nWebDriverError@chrome://remote/content/shared/webdriver/Errors.sys.mjs:192:5\nNoSuchElementError@chrome://remote/content/shared/webdriver/Errors.sys.mjs:510:5\ndom.find/</<@chrome://remote/content/shared/DOM.sys.mjs:136:16\n\n", "trace": "  File \"C:\\Users\\Mi Notebook\\PycharmProjects\\Diplom_3-main\\.venv\\Lib\\site-packages\\allure_commons\\_allure.py\", line 192, in impl\n    return func(*a, **kw)\n           ^^^^^^^^^^^^^^\n  File \"C:\\Users\\Mi Notebook\\PycharmProjects\\Diplom_3-main\\web_pages\\auth_user_page.py\", line 16, in set_email_field\n    self.wait_for_element_to_be_clickable(AuthLoginLocators.EMAIL_FIELD)\n  File \"C:\\Users\\Mi Notebook\\PycharmProjects\\Diplom_3-main\\.venv\\Lib\\site-packages\\allure_commons\\_allure.py\", line 192, in impl\n    return func(*a, **kw)\n           ^^^^^^^^^^^^^^\n  File \"C:\\Users\\Mi Notebook\\PycharmProjects\\Diplom_3-main\\web_pages\\base_page.py\", line 64, in wait_for_element_to_be_clickable\n    WebDriverWait(self.driver, 3).until(EC.element_to_be_clickable(locator))\n  File \"C:\\Users\\Mi Notebook\\PycharmProjects\\Diplom_3-main\\.venv\\Lib\\site-packages\\selenium\\webdriver\\support\\wait.py\", line 105, in until\n    raise TimeoutException(message, screen, stacktrace)\n"}, "steps": [{"name": "Дождаться кликабельности элемента", "status": "broken", "statusDetails": {"message": "selenium.common.exceptions.TimeoutException: Message: \nStacktrace:\nRemoteError@chrome://remote/content/shared/RemoteError.sys.mjs:8:8\nWebDriverError@chrome://remote/content/shared/webdriver/Errors.sys.mjs:192:5\nNoSuchElementError@chrome://remote/content/shared/webdriver/Errors.sys.mjs:510:5\ndom.find/</<@chrome://remote/content/shared/DOM.sys.mjs:136:16\n\n", "trace": "  File \"C:\\Users\\Mi Notebook\\PycharmProjects\\Diplom_3-main\\.venv\\Lib\\site-packages\\allure_commons\\_allure.py\", line 192, in impl\n    return func(*a, **kw)\n           ^^^^^^^^^^^^^^\n  File \"C:\\Users\\Mi Notebook\\PycharmProjects\\Diplom_3-main\\web_pages\\base_page.py\", line 64, in wait_for_element_to_be_clickable\n    WebDriverWait(self.driver, 3).until(EC.element_to_be_clickable(locator))\n  File \"C:\\Users\\Mi Notebook\\PycharmProjects\\Diplom_3-main\\.venv\\Lib\\site-packages\\selenium\\webdriver\\support\\wait.py\", line 105, in until\n    raise TimeoutException(message, screen, stacktrace)\n"}, "parameters": [{"name": "locator", "value": "('xpath', \".//label[text()='Email']//parent::*/input[@type='text' and @name='name']\")"}], "start": 1712593766879, "stop": 1712593769958}], "parameters": [{"name": "user_email", "value": "'vvilin@test.ru'"}], "start": 1712593766879, "stop": 1712593769959}], "start": 1712593766506, "stop": 1712593769962}], "start": 1712593766505, "stop": 1712593769964}], "start": 1712593766505, "stop": 1712593782167}