{"name": "При создании заказа, происходит увеличения значения счетчиков заказов \"Выполнено за все время\"/\"Выполнено за сегодня\"", "status": "broken", "statusDetails": {"message": "selenium.common.exceptions.TimeoutException: Message: \nStacktrace:\n\tGetHandleVerifier [0x00007FF6E2347072+63090]\n\t(No symbol) [0x00007FF6E22B2CC2]\n\t(No symbol) [0x00007FF6E214EC65]\n\t(No symbol) [0x00007FF6E219499D]\n\t(No symbol) [0x00007FF6E2194ADC]\n\t(No symbol) [0x00007FF6E21D5B37]\n\t(No symbol) [0x00007FF6E21B701F]\n\t(No symbol) [0x00007FF6E21D3412]\n\t(No symbol) [0x00007FF6E21B6D83]\n\t(No symbol) [0x00007FF6E21883A8]\n\t(No symbol) [0x00007FF6E2189441]\n\tGetHandleVerifier [0x00007FF6E27425CD+4238285]\n\tGetHandleVerifier [0x00007FF6E277F72D+4488493]\n\tGetHandleVerifier [0x00007FF6E2777A0F+4456463]\n\tGetHandleVerifier [0x00007FF6E24205B6+953270]\n\t(No symbol) [0x00007FF6E22BE58F]\n\t(No symbol) [0x00007FF6E22B9264]\n\t(No symbol) [0x00007FF6E22B939B]\n\t(No symbol) [0x00007FF6E22A9BD4]\n\tBaseThreadInitThunk [0x00007FF81A8F257D+29]\n\tRtlUserThreadStart [0x00007FF81CBEAA58+40]", "trace": "self = <tests.test_create_order.TestCreateOrder object at 0x000001E3B9CDA1E0>, pages = <web_pages.UIWorkerWeb object at 0x000001E3B9D88590>, login = None\ncounter = ('xpath', \"//p[text()='Выполнено за все время:']/following-sibling::p\")\n\n    @allure.title('При создании заказа, происходит увеличения значения счетчиков заказов \"Выполнено за все время\"/\"Выполнено за сегодня\"')\n    @allure.description('Сверяем счетчик заказов \"Выполнено за все время\" / \"Выполнено за сегодня\" до создания заказа и после создания заказа '\n                        'Счетчик должен увеличиться')\n    @pytest.mark.parametrize('counter', [OrdersPageLocators.TOTAL_ORDER_COUNT, OrdersPageLocators.DAILY_ORDER_COUNT])\n    def test_today_orders_counter(self, pages, login, counter):\n>       pages.click_orders_list_button()\n\ntests\\test_create_order.py:38: \n_ _ _ _ _ _ _ _ _ _ _ _ _ _ _ _ _ _ _ _ _ _ _ _ _ _ _ _ _ _ _ _ _ _ _ _ _ _ _ _ _ _ _ _ _ _ _ _ _ _ _ _ _ _ _ _ _ _ _ _ _ _ _ _ _ _ _ _ _ _ _ _ _ _ _ _ _ _ _ _ _ _ _ _ _ _ _ _ _ _\nweb_pages\\main_page.py:17: in click_orders_list_button\n    self.wait_until_element_visibility(OrdersPageLocators.ORDERS_LIST_TITLE)\nweb_pages\\base_page.py:42: in wait_until_element_visibility\n    return WebDriverWait(self.driver, 10).until(EC.visibility_of_element_located(locator))\n_ _ _ _ _ _ _ _ _ _ _ _ _ _ _ _ _ _ _ _ _ _ _ _ _ _ _ _ _ _ _ _ _ _ _ _ _ _ _ _ _ _ _ _ _ _ _ _ _ _ _ _ _ _ _ _ _ _ _ _ _ _ _ _ _ _ _ _ _ _ _ _ _ _ _ _ _ _ _ _ _ _ _ _ _ _ _ _ _ _\n\nself = <selenium.webdriver.support.wait.WebDriverWait (session=\"342129e1197008af014df7afb8457922\")>\nmethod = <function visibility_of_element_located.<locals>._predicate at 0x000001E3BB154C20>, message = ''\n\n    def until(self, method: Callable[[D], Union[Literal[False], T]], message: str = \"\") -> T:\n        \"\"\"Calls the method provided with the driver as an argument until the \\\n        return value does not evaluate to ``False``.\n    \n        :param method: callable(WebDriver)\n        :param message: optional message for :exc:`TimeoutException`\n        :returns: the result of the last call to `method`\n        :raises: :exc:`selenium.common.exceptions.TimeoutException` if timeout occurs\n        \"\"\"\n        screen = None\n        stacktrace = None\n    \n        end_time = time.monotonic() + self._timeout\n        while True:\n            try:\n                value = method(self._driver)\n                if value:\n                    return value\n            except self._ignored_exceptions as exc:\n                screen = getattr(exc, \"screen\", None)\n                stacktrace = getattr(exc, \"stacktrace\", None)\n            time.sleep(self._poll)\n            if time.monotonic() > end_time:\n                break\n>       raise TimeoutException(message, screen, stacktrace)\nE       selenium.common.exceptions.TimeoutException: Message: \nE       Stacktrace:\nE       \tGetHandleVerifier [0x00007FF6E2347072+63090]\nE       \t(No symbol) [0x00007FF6E22B2CC2]\nE       \t(No symbol) [0x00007FF6E214EC65]\nE       \t(No symbol) [0x00007FF6E219499D]\nE       \t(No symbol) [0x00007FF6E2194ADC]\nE       \t(No symbol) [0x00007FF6E21D5B37]\nE       \t(No symbol) [0x00007FF6E21B701F]\nE       \t(No symbol) [0x00007FF6E21D3412]\nE       \t(No symbol) [0x00007FF6E21B6D83]\nE       \t(No symbol) [0x00007FF6E21883A8]\nE       \t(No symbol) [0x00007FF6E2189441]\nE       \tGetHandleVerifier [0x00007FF6E27425CD+4238285]\nE       \tGetHandleVerifier [0x00007FF6E277F72D+4488493]\nE       \tGetHandleVerifier [0x00007FF6E2777A0F+4456463]\nE       \tGetHandleVerifier [0x00007FF6E24205B6+953270]\nE       \t(No symbol) [0x00007FF6E22BE58F]\nE       \t(No symbol) [0x00007FF6E22B9264]\nE       \t(No symbol) [0x00007FF6E22B939B]\nE       \t(No symbol) [0x00007FF6E22A9BD4]\nE       \tBaseThreadInitThunk [0x00007FF81A8F257D+29]\nE       \tRtlUserThreadStart [0x00007FF81CBEAA58+40]\n\n.venv\\Lib\\site-packages\\selenium\\webdriver\\support\\wait.py:105: TimeoutException"}, "description": "Сверяем счетчик заказов \"Выполнено за все время\" / \"Выполнено за сегодня\" до создания заказа и после создания заказа Счетчик должен увеличиться", "steps": [{"name": "Переход на страницу Лента заказов", "status": "broken", "statusDetails": {"message": "selenium.common.exceptions.TimeoutException: Message: \nStacktrace:\n\tGetHandleVerifier [0x00007FF6E2347072+63090]\n\t(No symbol) [0x00007FF6E22B2CC2]\n\t(No symbol) [0x00007FF6E214EC65]\n\t(No symbol) [0x00007FF6E219499D]\n\t(No symbol) [0x00007FF6E2194ADC]\n\t(No symbol) [0x00007FF6E21D5B37]\n\t(No symbol) [0x00007FF6E21B701F]\n\t(No symbol) [0x00007FF6E21D3412]\n\t(No symbol) [0x00007FF6E21B6D83]\n\t(No symbol) [0x00007FF6E21883A8]\n\t(No symbol) [0x00007FF6E2189441]\n\tGetHandleVerifier [0x00007FF6E27425CD+4238285]\n\tGetHandleVerifier [0x00007FF6E277F72D+4488493]\n\tGetHandleVerifier [0x00007FF6E2777A0F+4456463]\n\tGetHandleVerifier [0x00007FF6E24205B6+953270]\n\t(No symbol) [0x00007FF6E22BE58F]\n\t(No symbol) [0x00007FF6E22B9264]\n\t(No symbol) [0x00007FF6E22B939B]\n\t(No symbol) [0x00007FF6E22A9BD4]\n\tBaseThreadInitThunk [0x00007FF81A8F257D+29]\n\tRtlUserThreadStart [0x00007FF81CBEAA58+40]\n\n", "trace": "  File \"C:\\Users\\Mi Notebook\\PycharmProjects\\Diplom_3-main\\.venv\\Lib\\site-packages\\allure_commons\\_allure.py\", line 192, in impl\n    return func(*a, **kw)\n           ^^^^^^^^^^^^^^\n  File \"C:\\Users\\Mi Notebook\\PycharmProjects\\Diplom_3-main\\web_pages\\main_page.py\", line 17, in click_orders_list_button\n    self.wait_until_element_visibility(OrdersPageLocators.ORDERS_LIST_TITLE)\n  File \"C:\\Users\\Mi Notebook\\PycharmProjects\\Diplom_3-main\\.venv\\Lib\\site-packages\\allure_commons\\_allure.py\", line 192, in impl\n    return func(*a, **kw)\n           ^^^^^^^^^^^^^^\n  File \"C:\\Users\\Mi Notebook\\PycharmProjects\\Diplom_3-main\\web_pages\\base_page.py\", line 42, in wait_until_element_visibility\n    return WebDriverWait(self.driver, 10).until(EC.visibility_of_element_located(locator))\n           ^^^^^^^^^^^^^^^^^^^^^^^^^^^^^^^^^^^^^^^^^^^^^^^^^^^^^^^^^^^^^^^^^^^^^^^^^^^^^^^\n  File \"C:\\Users\\Mi Notebook\\PycharmProjects\\Diplom_3-main\\.venv\\Lib\\site-packages\\selenium\\webdriver\\support\\wait.py\", line 105, in until\n    raise TimeoutException(message, screen, stacktrace)\n"}, "steps": [{"name": "Переместиться до элемента и кликнуть", "status": "passed", "parameters": [{"name": "locator", "value": "('xpath', '//p[text()=\"Лента Заказов\"]/parent::a')"}], "start": 1712593677480, "stop": 1712593677795}, {"name": "Дождаться видимости элемента", "status": "broken", "statusDetails": {"message": "selenium.common.exceptions.TimeoutException: Message: \nStacktrace:\n\tGetHandleVerifier [0x00007FF6E2347072+63090]\n\t(No symbol) [0x00007FF6E22B2CC2]\n\t(No symbol) [0x00007FF6E214EC65]\n\t(No symbol) [0x00007FF6E219499D]\n\t(No symbol) [0x00007FF6E2194ADC]\n\t(No symbol) [0x00007FF6E21D5B37]\n\t(No symbol) [0x00007FF6E21B701F]\n\t(No symbol) [0x00007FF6E21D3412]\n\t(No symbol) [0x00007FF6E21B6D83]\n\t(No symbol) [0x00007FF6E21883A8]\n\t(No symbol) [0x00007FF6E2189441]\n\tGetHandleVerifier [0x00007FF6E27425CD+4238285]\n\tGetHandleVerifier [0x00007FF6E277F72D+4488493]\n\tGetHandleVerifier [0x00007FF6E2777A0F+4456463]\n\tGetHandleVerifier [0x00007FF6E24205B6+953270]\n\t(No symbol) [0x00007FF6E22BE58F]\n\t(No symbol) [0x00007FF6E22B9264]\n\t(No symbol) [0x00007FF6E22B939B]\n\t(No symbol) [0x00007FF6E22A9BD4]\n\tBaseThreadInitThunk [0x00007FF81A8F257D+29]\n\tRtlUserThreadStart [0x00007FF81CBEAA58+40]\n\n", "trace": "  File \"C:\\Users\\Mi Notebook\\PycharmProjects\\Diplom_3-main\\.venv\\Lib\\site-packages\\allure_commons\\_allure.py\", line 192, in impl\n    return func(*a, **kw)\n           ^^^^^^^^^^^^^^\n  File \"C:\\Users\\Mi Notebook\\PycharmProjects\\Diplom_3-main\\web_pages\\base_page.py\", line 42, in wait_until_element_visibility\n    return WebDriverWait(self.driver, 10).until(EC.visibility_of_element_located(locator))\n           ^^^^^^^^^^^^^^^^^^^^^^^^^^^^^^^^^^^^^^^^^^^^^^^^^^^^^^^^^^^^^^^^^^^^^^^^^^^^^^^\n  File \"C:\\Users\\Mi Notebook\\PycharmProjects\\Diplom_3-main\\.venv\\Lib\\site-packages\\selenium\\webdriver\\support\\wait.py\", line 105, in until\n    raise TimeoutException(message, screen, stacktrace)\n"}, "parameters": [{"name": "locator", "value": "('xpath', '//h1[text()=\"Лента заказов\"]')"}], "start": 1712593677795, "stop": 1712593688212}], "start": 1712593677480, "stop": 1712593688213}], "parameters": [{"name": "driver_do", "value": "'chrome'"}, {"name": "counter", "value": "('xpath', \"//p[text()='Выполнено за все время:']/following-sibling::p\")"}], "start": 1712593677480, "stop": 1712593688214, "uuid": "9ee40f94-2413-4821-9156-4a281a9e6607", "historyId": "c143b497532fad76c5db72872b085203", "testCaseId": "dd0d8f4e50524d9e613145b9d27a89a0", "fullName": "tests.test_create_order.TestCreateOrder#test_today_orders_counter", "labels": [{"name": "parentSuite", "value": "tests"}, {"name": "suite", "value": "test_create_order"}, {"name": "subSuite", "value": "TestCreateOrder"}, {"name": "host", "value": "Mi-Notebook"}, {"name": "thread", "value": "13692-MainThread"}, {"name": "framework", "value": "pytest"}, {"name": "language", "value": "cpython3"}, {"name": "package", "value": "tests.test_create_order"}]}